########### array before sorts ###########
0	160.000000	0.000000	160.000000	100.000000	n
1	0.875000	0.000000	5.000000	-4.250000	n
2	5.000000	-4.250000	42.750000	-4.250000	n
3	42.750000	-4.250000	44.750000	-2.250000	n
4	44.750000	-2.250000	44.750000	18.500000	n
5	44.750000	18.500000	42.750000	20.750000	n
6	42.750000	20.750000	5.000000	20.750000	n
7	5.000000	20.750000	0.875000	16.875000	n
8	0.875000	16.875000	0.875000	0.000000	n
Tolerance=0.050000.
No match for i=0.
########### array after sorts ###########
0	160.000000	0.000000	160.000000	100.000000	y
1	0.875000	0.000000	5.000000	-4.250000	n
2	5.000000	-4.250000	42.750000	-4.250000	n
3	42.750000	-4.250000	44.750000	-2.250000	n
4	44.750000	-2.250000	44.750000	18.500000	n
5	44.750000	18.500000	42.750000	20.750000	n
6	42.750000	20.750000	5.000000	20.750000	n
7	5.000000	20.750000	0.875000	16.875000	n
8	0.875000	16.875000	0.875000	0.000000	n
***************
DISPLAY -20 113;DELETE ( 160.000000 0.000000 );DELETE ( 0.875000 16.875000 );DELETE ( 5.000000 20.750000 );DELETE ( 42.750000 20.750000 );DELETE ( 44.750000 18.500000 );DELETE ( 44.750000 -2.250000 );DELETE ( 42.750000 -4.250000 );DELETE ( 5.000000 -4.250000 );DELETE ( 0.875000 0.000000 );LAYER ?? -113;LAYER 113 IDFDebug;SET COLOR_LAYER 113 red;CIRCLE (160.000000 100.000000) (162.000000 100.000000);change width 0.01;
SET Wire_Bend 2;
WIRE ( 160.000000 0.000000) (160.000000 100.000000);DISPLAY NONE;DISPLAY 20 113;WINDOW FIT;***************
.BOARD_OUTLINE UNOWNED
1.6
0     160.000000     0.000000     0
